[ERROR] 2017-04-12 15:10:50 [com.jfinal.kit.LogKit] - java.lang.ClassNotFoundException: net.sppan.jfinalblog.task.SomethingTask
java.lang.RuntimeException: java.lang.ClassNotFoundException: net.sppan.jfinalblog.task.SomethingTask
	at com.jfinal.plugin.cron4j.Cron4jPlugin.<init>(Cron4jPlugin.java:132)
	at com.jfinal.plugin.cron4j.Cron4jPlugin.<init>(Cron4jPlugin.java:119)
	at net.sppan.blog.JFinalBlogConfig.configPlugin(JFinalBlogConfig.java:132)
	at com.jfinal.core.Config.configJFinal(Config.java:53)
	at com.jfinal.core.JFinal.init(JFinal.java:63)
	at com.jfinal.core.JFinalFilter.init(JFinalFilter.java:49)
	at org.eclipse.jetty.servlet.FilterHolder.doStart(FilterHolder.java:119)
	at org.eclipse.jetty.util.component.AbstractLifeCycle.start(AbstractLifeCycle.java:64)
	at org.eclipse.jetty.servlet.ServletHandler.initialize(ServletHandler.java:724)
	at org.eclipse.jetty.servlet.ServletContextHandler.startContext(ServletContextHandler.java:265)
	at org.eclipse.jetty.webapp.WebAppContext.startContext(WebAppContext.java:1250)
	at org.eclipse.jetty.server.handler.ContextHandler.doStart(ContextHandler.java:706)
	at org.eclipse.jetty.webapp.WebAppContext.doStart(WebAppContext.java:492)
	at org.eclipse.jetty.util.component.AbstractLifeCycle.start(AbstractLifeCycle.java:64)
	at org.eclipse.jetty.server.handler.HandlerWrapper.doStart(HandlerWrapper.java:95)
	at org.eclipse.jetty.server.Server.doStart(Server.java:277)
	at org.eclipse.jetty.util.component.AbstractLifeCycle.start(AbstractLifeCycle.java:64)
	at com.jfinal.server.JettyServer.doStart(JettyServer.java:131)
	at com.jfinal.server.JettyServer.start(JettyServer.java:70)
	at com.jfinal.core.JFinal.start(JFinal.java:159)
	at net.sppan.blog.JFinalBlogConfig.main(JFinalBlogConfig.java:56)
Caused by: java.lang.ClassNotFoundException: net.sppan.jfinalblog.task.SomethingTask
	at java.net.URLClassLoader.findClass(URLClassLoader.java:381)
	at java.lang.ClassLoader.loadClass(ClassLoader.java:424)
	at sun.misc.Launcher$AppClassLoader.loadClass(Launcher.java:331)
	at java.lang.ClassLoader.loadClass(ClassLoader.java:357)
	at org.eclipse.jetty.webapp.WebAppClassLoader.loadClass(WebAppClassLoader.java:430)
	at com.jfinal.server.JFinalClassLoader.loadClass(JFinalClassLoader.java:53)
	at java.lang.Class.forName0(Native Method)
	at java.lang.Class.forName(Class.java:264)
	at com.jfinal.plugin.cron4j.Cron4jPlugin.addTask(Cron4jPlugin.java:164)
	at com.jfinal.plugin.cron4j.Cron4jPlugin.<init>(Cron4jPlugin.java:128)
	... 20 more
[WARN] 2017-04-12 15:11:21 [net.sppan.blog.lucene.LuceneSearcher] - init lucene config
[WARN] 2017-04-12 15:11:28 [net.sppan.blog.ext.utils.StringUtilsExt] - splitExt方法中传入的参数【null】【,】不正确
[WARN] 2017-04-12 15:11:28 [net.sppan.blog.ext.utils.StringUtilsExt] - splitExt方法中传入的参数【null】【,】不正确
[WARN] 2017-04-12 15:11:28 [net.sppan.blog.ext.utils.StringUtilsExt] - splitExt方法中传入的参数【null】【,】不正确
[WARN] 2017-04-12 15:11:35 [net.sppan.blog.ext.utils.StringUtilsExt] - splitExt方法中传入的参数【null】【,】不正确
[WARN] 2017-04-12 15:12:04 [net.sppan.blog.ext.utils.StringUtilsExt] - splitExt方法中传入的参数【null】【,】不正确
[WARN] 2017-04-12 15:12:04 [net.sppan.blog.ext.utils.StringUtilsExt] - splitExt方法中传入的参数【null】【,】不正确
[WARN] 2017-04-12 15:12:04 [net.sppan.blog.ext.utils.StringUtilsExt] - splitExt方法中传入的参数【null】【,】不正确
[WARN] 2017-04-12 15:12:34 [net.sppan.blog.ext.utils.StringUtilsExt] - splitExt方法中传入的参数【null】【,】不正确
[WARN] 2017-04-12 15:12:34 [net.sppan.blog.ext.utils.StringUtilsExt] - splitExt方法中传入的参数【null】【,】不正确
[WARN] 2017-04-12 15:12:34 [net.sppan.blog.ext.utils.StringUtilsExt] - splitExt方法中传入的参数【null】【,】不正确
[WARN] 2017-04-12 15:12:59 [net.sppan.blog.ext.utils.StringUtilsExt] - splitExt方法中传入的参数【null】【,】不正确
[WARN] 2017-04-12 15:12:59 [net.sppan.blog.ext.utils.StringUtilsExt] - splitExt方法中传入的参数【null】【,】不正确
[WARN] 2017-04-12 15:12:59 [net.sppan.blog.ext.utils.StringUtilsExt] - splitExt方法中传入的参数【null】【,】不正确
[WARN] 2017-04-12 15:13:02 [net.sppan.blog.ext.utils.StringUtilsExt] - splitExt方法中传入的参数【null】【,】不正确
[WARN] 2017-04-12 15:13:06 [net.sppan.blog.ext.utils.StringUtilsExt] - splitExt方法中传入的参数【null】【,】不正确
[WARN] 2017-04-12 15:13:06 [net.sppan.blog.ext.utils.StringUtilsExt] - splitExt方法中传入的参数【null】【,】不正确
[WARN] 2017-04-12 15:13:06 [net.sppan.blog.ext.utils.StringUtilsExt] - splitExt方法中传入的参数【null】【,】不正确
[WARN] 2017-04-12 15:13:23 [net.sppan.blog.ext.utils.StringUtilsExt] - splitExt方法中传入的参数【null】【,】不正确
[WARN] 2017-04-12 15:13:23 [net.sppan.blog.ext.utils.StringUtilsExt] - splitExt方法中传入的参数【null】【,】不正确
[WARN] 2017-04-12 15:13:23 [net.sppan.blog.ext.utils.StringUtilsExt] - splitExt方法中传入的参数【null】【,】不正确
[WARN] 2017-04-12 15:13:41 [net.sppan.blog.ext.utils.StringUtilsExt] - splitExt方法中传入的参数【null】【,】不正确
[WARN] 2017-04-12 15:13:42 [net.sppan.blog.ext.utils.StringUtilsExt] - splitExt方法中传入的参数【null】【,】不正确
[WARN] 2017-04-12 15:13:42 [net.sppan.blog.ext.utils.StringUtilsExt] - splitExt方法中传入的参数【null】【,】不正确
[WARN] 2017-04-14 11:16:46 [net.sppan.blog.lucene.LuceneSearcher] - init lucene config
[WARN] 2017-04-14 11:16:48 [net.sppan.blog.ext.utils.StringUtilsExt] - splitExt方法中传入的参数【null】【,】不正确
[WARN] 2017-04-14 11:16:48 [net.sppan.blog.ext.utils.StringUtilsExt] - splitExt方法中传入的参数【null】【,】不正确
[WARN] 2017-04-14 11:16:48 [net.sppan.blog.ext.utils.StringUtilsExt] - splitExt方法中传入的参数【null】【,】不正确
[WARN] 2017-04-14 11:17:54 [net.sppan.blog.ext.utils.StringUtilsExt] - splitExt方法中传入的参数【null】【,】不正确
[WARN] 2017-04-14 11:21:54 [net.sppan.blog.ext.utils.StringUtilsExt] - splitExt方法中传入的参数【null】【,】不正确
[WARN] 2017-04-14 11:21:55 [net.sppan.blog.ext.utils.StringUtilsExt] - splitExt方法中传入的参数【null】【,】不正确
[WARN] 2017-04-14 11:22:38 [net.sppan.blog.lucene.LuceneSearcher] - init lucene config
[WARN] 2017-04-14 11:22:47 [net.sppan.blog.ext.utils.StringUtilsExt] - splitExt方法中传入的参数【null】【,】不正确
[WARN] 2017-04-14 11:25:31 [net.sppan.blog.lucene.LuceneSearcher] - init lucene config
[WARN] 2017-04-14 11:26:01 [net.sppan.blog.lucene.LuceneSearcher] - init lucene config
[WARN] 2017-04-14 11:26:06 [net.sppan.blog.lucene.LuceneSearcher] - init lucene config
[WARN] 2017-04-14 11:26:11 [net.sppan.blog.lucene.LuceneSearcher] - init lucene config
[WARN] 2017-04-14 11:37:06 [net.sppan.blog.lucene.LuceneSearcher] - init lucene config
[WARN] 2017-04-14 11:37:10 [net.sppan.blog.ext.utils.StringUtilsExt] - splitExt方法中传入的参数【null】【,】不正确
[WARN] 2017-04-14 13:15:10 [net.sppan.blog.ext.utils.StringUtilsExt] - splitExt方法中传入的参数【null】【,】不正确
[WARN] 2017-04-14 13:15:10 [net.sppan.blog.ext.utils.StringUtilsExt] - splitExt方法中传入的参数【null】【,】不正确
[WARN] 2017-04-14 13:15:11 [net.sppan.blog.ext.utils.StringUtilsExt] - splitExt方法中传入的参数【null】【,】不正确
[WARN] 2017-04-14 13:15:11 [net.sppan.blog.ext.utils.StringUtilsExt] - splitExt方法中传入的参数【null】【,】不正确
[WARN] 2017-04-14 13:15:54 [net.sppan.blog.lucene.LuceneSearcher] - init lucene config
[WARN] 2017-04-14 14:51:43 [net.sppan.blog.lucene.LuceneSearcher] - init lucene config
[WARN] 2017-04-17 15:34:03 [net.sppan.blog.lucene.LuceneSearcher] - init lucene config
[WARN] 2017-04-17 15:34:12 [net.sppan.blog.ext.utils.StringUtilsExt] - splitExt方法中传入的参数【null】【,】不正确
[WARN] 2017-04-17 15:34:12 [net.sppan.blog.ext.utils.StringUtilsExt] - splitExt方法中传入的参数【null】【,】不正确
[ERROR] 2017-04-17 15:43:18 [com.jfinal.core.ActionHandler] - /admin/youlian/save
com.jfinal.plugin.activerecord.ActiveRecordException: The model attribute name is not exists.
	at com.jfinal.core.Injector.injectModel(Injector.java:123)
	at com.jfinal.core.Controller.getModel(Controller.java:709)
	at net.sppan.blog.controller.admin.AdminYoulianController.save(AdminYoulianController.java:35)
	at sun.reflect.NativeMethodAccessorImpl.invoke0(Native Method)
	at sun.reflect.NativeMethodAccessorImpl.invoke(NativeMethodAccessorImpl.java:62)
	at sun.reflect.DelegatingMethodAccessorImpl.invoke(DelegatingMethodAccessorImpl.java:43)
	at java.lang.reflect.Method.invoke(Method.java:497)
	at com.jfinal.aop.Invocation.invoke(Invocation.java:73)
	at net.sppan.blog.intercepter.SessionInterceptor.intercept(SessionInterceptor.java:33)
	at com.jfinal.aop.Invocation.invoke(Invocation.java:67)
	at com.jfinal.core.ActionHandler.handle(ActionHandler.java:74)
	at net.sppan.blog.handler.OptionsHandler.handle(OptionsHandler.java:20)
	at com.jfinal.ext.handler.ContextPathHandler.handle(ContextPathHandler.java:48)
	at com.jfinal.plugin.druid.DruidStatViewHandler.handle(DruidStatViewHandler.java:75)
	at com.jfinal.core.JFinalFilter.doFilter(JFinalFilter.java:74)
	at org.eclipse.jetty.servlet.ServletHandler$CachedChain.doFilter(ServletHandler.java:1307)
	at org.eclipse.jetty.servlet.ServletHandler.doHandle(ServletHandler.java:453)
	at org.eclipse.jetty.server.handler.ScopedHandler.handle(ScopedHandler.java:137)
	at org.eclipse.jetty.security.SecurityHandler.handle(SecurityHandler.java:560)
	at org.eclipse.jetty.server.session.SessionHandler.doHandle(SessionHandler.java:231)
	at org.eclipse.jetty.server.handler.ContextHandler.doHandle(ContextHandler.java:1072)
	at org.eclipse.jetty.servlet.ServletHandler.doScope(ServletHandler.java:382)
	at org.eclipse.jetty.server.session.SessionHandler.doScope(SessionHandler.java:193)
	at org.eclipse.jetty.server.handler.ContextHandler.doScope(ContextHandler.java:1006)
	at org.eclipse.jetty.server.handler.ScopedHandler.handle(ScopedHandler.java:135)
	at org.eclipse.jetty.server.handler.HandlerWrapper.handle(HandlerWrapper.java:116)
	at org.eclipse.jetty.server.Server.handle(Server.java:365)
	at org.eclipse.jetty.server.AbstractHttpConnection.handleRequest(AbstractHttpConnection.java:485)
	at org.eclipse.jetty.server.AbstractHttpConnection.content(AbstractHttpConnection.java:937)
	at org.eclipse.jetty.server.AbstractHttpConnection$RequestHandler.content(AbstractHttpConnection.java:998)
	at org.eclipse.jetty.http.HttpParser.parseNext(HttpParser.java:856)
	at org.eclipse.jetty.http.HttpParser.parseAvailable(HttpParser.java:240)
	at org.eclipse.jetty.server.AsyncHttpConnection.handle(AsyncHttpConnection.java:82)
	at org.eclipse.jetty.io.nio.SelectChannelEndPoint.handle(SelectChannelEndPoint.java:628)
	at org.eclipse.jetty.io.nio.SelectChannelEndPoint$1.run(SelectChannelEndPoint.java:52)
	at org.eclipse.jetty.util.thread.QueuedThreadPool.runJob(QueuedThreadPool.java:608)
	at org.eclipse.jetty.util.thread.QueuedThreadPool$3.run(QueuedThreadPool.java:543)
	at java.lang.Thread.run(Thread.java:745)
[ERROR] 2017-04-17 15:43:20 [com.jfinal.core.ActionHandler] - /admin/youlian/save
com.jfinal.plugin.activerecord.ActiveRecordException: The model attribute name is not exists.
	at com.jfinal.core.Injector.injectModel(Injector.java:123)
	at com.jfinal.core.Controller.getModel(Controller.java:709)
	at net.sppan.blog.controller.admin.AdminYoulianController.save(AdminYoulianController.java:35)
	at sun.reflect.NativeMethodAccessorImpl.invoke0(Native Method)
	at sun.reflect.NativeMethodAccessorImpl.invoke(NativeMethodAccessorImpl.java:62)
	at sun.reflect.DelegatingMethodAccessorImpl.invoke(DelegatingMethodAccessorImpl.java:43)
	at java.lang.reflect.Method.invoke(Method.java:497)
	at com.jfinal.aop.Invocation.invoke(Invocation.java:73)
	at net.sppan.blog.intercepter.SessionInterceptor.intercept(SessionInterceptor.java:33)
	at com.jfinal.aop.Invocation.invoke(Invocation.java:67)
	at com.jfinal.core.ActionHandler.handle(ActionHandler.java:74)
	at net.sppan.blog.handler.OptionsHandler.handle(OptionsHandler.java:20)
	at com.jfinal.ext.handler.ContextPathHandler.handle(ContextPathHandler.java:48)
	at com.jfinal.plugin.druid.DruidStatViewHandler.handle(DruidStatViewHandler.java:75)
	at com.jfinal.core.JFinalFilter.doFilter(JFinalFilter.java:74)
	at org.eclipse.jetty.servlet.ServletHandler$CachedChain.doFilter(ServletHandler.java:1307)
	at org.eclipse.jetty.servlet.ServletHandler.doHandle(ServletHandler.java:453)
	at org.eclipse.jetty.server.handler.ScopedHandler.handle(ScopedHandler.java:137)
	at org.eclipse.jetty.security.SecurityHandler.handle(SecurityHandler.java:560)
	at org.eclipse.jetty.server.session.SessionHandler.doHandle(SessionHandler.java:231)
	at org.eclipse.jetty.server.handler.ContextHandler.doHandle(ContextHandler.java:1072)
	at org.eclipse.jetty.servlet.ServletHandler.doScope(ServletHandler.java:382)
	at org.eclipse.jetty.server.session.SessionHandler.doScope(SessionHandler.java:193)
	at org.eclipse.jetty.server.handler.ContextHandler.doScope(ContextHandler.java:1006)
	at org.eclipse.jetty.server.handler.ScopedHandler.handle(ScopedHandler.java:135)
	at org.eclipse.jetty.server.handler.HandlerWrapper.handle(HandlerWrapper.java:116)
	at org.eclipse.jetty.server.Server.handle(Server.java:365)
	at org.eclipse.jetty.server.AbstractHttpConnection.handleRequest(AbstractHttpConnection.java:485)
	at org.eclipse.jetty.server.AbstractHttpConnection.content(AbstractHttpConnection.java:937)
	at org.eclipse.jetty.server.AbstractHttpConnection$RequestHandler.content(AbstractHttpConnection.java:998)
	at org.eclipse.jetty.http.HttpParser.parseNext(HttpParser.java:856)
	at org.eclipse.jetty.http.HttpParser.parseAvailable(HttpParser.java:240)
	at org.eclipse.jetty.server.AsyncHttpConnection.handle(AsyncHttpConnection.java:82)
	at org.eclipse.jetty.io.nio.SelectChannelEndPoint.handle(SelectChannelEndPoint.java:628)
	at org.eclipse.jetty.io.nio.SelectChannelEndPoint$1.run(SelectChannelEndPoint.java:52)
	at org.eclipse.jetty.util.thread.QueuedThreadPool.runJob(QueuedThreadPool.java:608)
	at org.eclipse.jetty.util.thread.QueuedThreadPool$3.run(QueuedThreadPool.java:543)
	at java.lang.Thread.run(Thread.java:745)
[WARN] 2017-04-17 15:45:16 [net.sppan.blog.ext.utils.StringUtilsExt] - splitExt方法中传入的参数【null】【,】不正确
[WARN] 2017-04-17 15:45:16 [net.sppan.blog.ext.utils.StringUtilsExt] - splitExt方法中传入的参数【null】【,】不正确
[WARN] 2017-04-17 15:47:40 [net.sppan.blog.lucene.LuceneSearcher] - init lucene config
[WARN] 2017-04-17 15:48:15 [net.sppan.blog.lucene.LuceneSearcher] - init lucene config
[WARN] 2017-04-17 15:48:30 [net.sppan.blog.lucene.LuceneSearcher] - init lucene config
[WARN] 2017-04-17 15:48:40 [net.sppan.blog.lucene.LuceneSearcher] - init lucene config
[WARN] 2017-04-17 15:49:00 [net.sppan.blog.lucene.LuceneSearcher] - init lucene config
[WARN] 2017-04-17 15:49:12 [net.sppan.blog.lucene.LuceneSearcher] - init lucene config
[WARN] 2017-04-17 15:49:16 [net.sppan.blog.ext.utils.StringUtilsExt] - splitExt方法中传入的参数【null】【,】不正确
[WARN] 2017-04-17 15:49:16 [net.sppan.blog.ext.utils.StringUtilsExt] - splitExt方法中传入的参数【null】【,】不正确
[WARN] 2017-04-17 15:49:24 [net.sppan.blog.ext.utils.StringUtilsExt] - splitExt方法中传入的参数【null】【,】不正确
[WARN] 2017-04-17 15:49:24 [net.sppan.blog.ext.utils.StringUtilsExt] - splitExt方法中传入的参数【null】【,】不正确
